[2024-11-25 15:42:57] local.ERROR: SQLSTATE[HY000] [1045] Access denied for user 'root'@'127.0.0.1' (using password: NO) (SQL: select * from `settings_companies` limit 1) {"exception":"[object] (Illuminate\\Database\\QueryException(code: 1045): SQLSTATE[HY000] [1045] Access denied for user 'root'@'127.0.0.1' (using password: NO) (SQL: select * from `settings_companies` limit 1) at /home/u609981672/domains/onejaf.com/public_html/faxcableinc/vendor/laravel/framework/src/Illuminate/Database/Connection.php:712)
[stacktrace]
#0 /home/u609981672/domains/onejaf.com/public_html/faxcableinc/vendor/laravel/framework/src/Illuminate/Database/Connection.php(672): Illuminate\\Database\\Connection->runQueryCallback()
#1 /home/u609981672/domains/onejaf.com/public_html/faxcableinc/vendor/laravel/framework/src/Illuminate/Database/Connection.php(359): Illuminate\\Database\\Connection->run()
#2 /home/u609981672/domains/onejaf.com/public_html/faxcableinc/vendor/laravel/framework/src/Illuminate/Database/Query/Builder.php(2413): Illuminate\\Database\\Connection->select()
#3 /home/u609981672/domains/onejaf.com/public_html/faxcableinc/vendor/laravel/framework/src/Illuminate/Database/Query/Builder.php(2402): Illuminate\\Database\\Query\\Builder->runSelect()
#4 /home/u609981672/domains/onejaf.com/public_html/faxcableinc/vendor/laravel/framework/src/Illuminate/Database/Query/Builder.php(2936): Illuminate\\Database\\Query\\Builder->Illuminate\\Database\\Query\\{closure}()
#5 /home/u609981672/domains/onejaf.com/public_html/faxcableinc/vendor/laravel/framework/src/Illuminate/Database/Query/Builder.php(2401): Illuminate\\Database\\Query\\Builder->onceWithColumns()
#6 /home/u609981672/domains/onejaf.com/public_html/faxcableinc/vendor/laravel/framework/src/Illuminate/Database/Eloquent/Builder.php(625): Illuminate\\Database\\Query\\Builder->get()
#7 /home/u609981672/domains/onejaf.com/public_html/faxcableinc/vendor/laravel/framework/src/Illuminate/Database/Eloquent/Builder.php(609): Illuminate\\Database\\Eloquent\\Builder->getModels()
#8 /home/u609981672/domains/onejaf.com/public_html/faxcableinc/vendor/laravel/framework/src/Illuminate/Database/Concerns/BuildsQueries.php(294): Illuminate\\Database\\Eloquent\\Builder->get()
#9 /home/u609981672/domains/onejaf.com/public_html/faxcableinc/vendor/laravel/framework/src/Illuminate/Support/Traits/ForwardsCalls.php(23): Illuminate\\Database\\Eloquent\\Builder->first()
#10 /home/u609981672/domains/onejaf.com/public_html/faxcableinc/vendor/laravel/framework/src/Illuminate/Database/Eloquent/Model.php(2132): Illuminate\\Database\\Eloquent\\Model->forwardCallTo()
#11 /home/u609981672/domains/onejaf.com/public_html/faxcableinc/vendor/laravel/framework/src/Illuminate/Database/Eloquent/Model.php(2144): Illuminate\\Database\\Eloquent\\Model->__call()
#12 /home/u609981672/domains/onejaf.com/public_html/faxcableinc/app/Providers/AppServiceProvider.php(30): Illuminate\\Database\\Eloquent\\Model::__callStatic()
#13 /home/u609981672/domains/onejaf.com/public_html/faxcableinc/vendor/laravel/framework/src/Illuminate/Container/BoundMethod.php(36): App\\Providers\\AppServiceProvider->boot()
#14 /home/u609981672/domains/onejaf.com/public_html/faxcableinc/vendor/laravel/framework/src/Illuminate/Container/Util.php(40): Illuminate\\Container\\BoundMethod::Illuminate\\Container\\{closure}()
#15 /home/u609981672/domains/onejaf.com/public_html/faxcableinc/vendor/laravel/framework/src/Illuminate/Container/BoundMethod.php(93): Illuminate\\Container\\Util::unwrapIfClosure()
#16 /home/u609981672/domains/onejaf.com/public_html/faxcableinc/vendor/laravel/framework/src/Illuminate/Container/BoundMethod.php(35): Illuminate\\Container\\BoundMethod::callBoundMethod()
#17 /home/u609981672/domains/onejaf.com/public_html/faxcableinc/vendor/laravel/framework/src/Illuminate/Container/Container.php(653): Illuminate\\Container\\BoundMethod::call()
#18 /home/u609981672/domains/onejaf.com/public_html/faxcableinc/vendor/laravel/framework/src/Illuminate/Foundation/Application.php(924): Illuminate\\Container\\Container->call()
#19 /home/u609981672/domains/onejaf.com/public_html/faxcableinc/vendor/laravel/framework/src/Illuminate/Foundation/Application.php(905): Illuminate\\Foundation\\Application->bootProvider()
#20 [internal function]: Illuminate\\Foundation\\Application->Illuminate\\Foundation\\{closure}()
#21 /home/u609981672/domains/onejaf.com/public_html/faxcableinc/vendor/laravel/framework/src/Illuminate/Foundation/Application.php(904): array_walk()
#22 /home/u609981672/domains/onejaf.com/public_html/faxcableinc/vendor/laravel/framework/src/Illuminate/Foundation/Bootstrap/BootProviders.php(17): Illuminate\\Foundation\\Application->boot()
#23 /home/u609981672/domains/onejaf.com/public_html/faxcableinc/vendor/laravel/framework/src/Illuminate/Foundation/Application.php(237): Illuminate\\Foundation\\Bootstrap\\BootProviders->bootstrap()
#24 /home/u609981672/domains/onejaf.com/public_html/faxcableinc/vendor/laravel/framework/src/Illuminate/Foundation/Http/Kernel.php(153): Illuminate\\Foundation\\Application->bootstrapWith()
#25 /home/u609981672/domains/onejaf.com/public_html/faxcableinc/vendor/laravel/framework/src/Illuminate/Foundation/Http/Kernel.php(137): Illuminate\\Foundation\\Http\\Kernel->bootstrap()
#26 /home/u609981672/domains/onejaf.com/public_html/faxcableinc/vendor/laravel/framework/src/Illuminate/Foundation/Http/Kernel.php(111): Illuminate\\Foundation\\Http\\Kernel->sendRequestThroughRouter()
#27 /home/u609981672/domains/onejaf.com/public_html/faxcableinc/public/index.php(51): Illuminate\\Foundation\\Http\\Kernel->handle()
#28 {main}

[previous exception] [object] (PDOException(code: 1045): SQLSTATE[HY000] [1045] Access denied for user 'root'@'127.0.0.1' (using password: NO) at /home/u609981672/domains/onejaf.com/public_html/faxcableinc/vendor/laravel/framework/src/Illuminate/Database/Connectors/Connector.php:70)
[stacktrace]
#0 /home/u609981672/domains/onejaf.com/public_html/faxcableinc/vendor/laravel/framework/src/Illuminate/Database/Connectors/Connector.php(70): PDO->__construct()
#1 /home/u609981672/domains/onejaf.com/public_html/faxcableinc/vendor/laravel/framework/src/Illuminate/Database/Connectors/Connector.php(45): Illuminate\\Database\\Connectors\\Connector->createPdoConnection()
#2 /home/u609981672/domains/onejaf.com/public_html/faxcableinc/vendor/laravel/framework/src/Illuminate/Database/Connectors/MySqlConnector.php(24): Illuminate\\Database\\Connectors\\Connector->createConnection()
#3 /home/u609981672/domains/onejaf.com/public_html/faxcableinc/vendor/laravel/framework/src/Illuminate/Database/Connectors/ConnectionFactory.php(184): Illuminate\\Database\\Connectors\\MySqlConnector->connect()
#4 [internal function]: Illuminate\\Database\\Connectors\\ConnectionFactory->Illuminate\\Database\\Connectors\\{closure}()
#5 /home/u609981672/domains/onejaf.com/public_html/faxcableinc/vendor/laravel/framework/src/Illuminate/Database/Connection.php(1064): call_user_func()
#6 /home/u609981672/domains/onejaf.com/public_html/faxcableinc/vendor/laravel/framework/src/Illuminate/Database/Connection.php(1100): Illuminate\\Database\\Connection->getPdo()
#7 /home/u609981672/domains/onejaf.com/public_html/faxcableinc/vendor/laravel/framework/src/Illuminate/Database/Connection.php(442): Illuminate\\Database\\Connection->getReadPdo()
#8 /home/u609981672/domains/onejaf.com/public_html/faxcableinc/vendor/laravel/framework/src/Illuminate/Database/Connection.php(368): Illuminate\\Database\\Connection->getPdoForSelect()
#9 /home/u609981672/domains/onejaf.com/public_html/faxcableinc/vendor/laravel/framework/src/Illuminate/Database/Connection.php(705): Illuminate\\Database\\Connection->Illuminate\\Database\\{closure}()
#10 /home/u609981672/domains/onejaf.com/public_html/faxcableinc/vendor/laravel/framework/src/Illuminate/Database/Connection.php(672): Illuminate\\Database\\Connection->runQueryCallback()
#11 /home/u609981672/domains/onejaf.com/public_html/faxcableinc/vendor/laravel/framework/src/Illuminate/Database/Connection.php(359): Illuminate\\Database\\Connection->run()
#12 /home/u609981672/domains/onejaf.com/public_html/faxcableinc/vendor/laravel/framework/src/Illuminate/Database/Query/Builder.php(2413): Illuminate\\Database\\Connection->select()
#13 /home/u609981672/domains/onejaf.com/public_html/faxcableinc/vendor/laravel/framework/src/Illuminate/Database/Query/Builder.php(2402): Illuminate\\Database\\Query\\Builder->runSelect()
#14 /home/u609981672/domains/onejaf.com/public_html/faxcableinc/vendor/laravel/framework/src/Illuminate/Database/Query/Builder.php(2936): Illuminate\\Database\\Query\\Builder->Illuminate\\Database\\Query\\{closure}()
#15 /home/u609981672/domains/onejaf.com/public_html/faxcableinc/vendor/laravel/framework/src/Illuminate/Database/Query/Builder.php(2401): Illuminate\\Database\\Query\\Builder->onceWithColumns()
#16 /home/u609981672/domains/onejaf.com/public_html/faxcableinc/vendor/laravel/framework/src/Illuminate/Database/Eloquent/Builder.php(625): Illuminate\\Database\\Query\\Builder->get()
#17 /home/u609981672/domains/onejaf.com/public_html/faxcableinc/vendor/laravel/framework/src/Illuminate/Database/Eloquent/Builder.php(609): Illuminate\\Database\\Eloquent\\Builder->getModels()
#18 /home/u609981672/domains/onejaf.com/public_html/faxcableinc/vendor/laravel/framework/src/Illuminate/Database/Concerns/BuildsQueries.php(294): Illuminate\\Database\\Eloquent\\Builder->get()
#19 /home/u609981672/domains/onejaf.com/public_html/faxcableinc/vendor/laravel/framework/src/Illuminate/Support/Traits/ForwardsCalls.php(23): Illuminate\\Database\\Eloquent\\Builder->first()
#20 /home/u609981672/domains/onejaf.com/public_html/faxcableinc/vendor/laravel/framework/src/Illuminate/Database/Eloquent/Model.php(2132): Illuminate\\Database\\Eloquent\\Model->forwardCallTo()
#21 /home/u609981672/domains/onejaf.com/public_html/faxcableinc/vendor/laravel/framework/src/Illuminate/Database/Eloquent/Model.php(2144): Illuminate\\Database\\Eloquent\\Model->__call()
#22 /home/u609981672/domains/onejaf.com/public_html/faxcableinc/app/Providers/AppServiceProvider.php(30): Illuminate\\Database\\Eloquent\\Model::__callStatic()
#23 /home/u609981672/domains/onejaf.com/public_html/faxcableinc/vendor/laravel/framework/src/Illuminate/Container/BoundMethod.php(36): App\\Providers\\AppServiceProvider->boot()
#24 /home/u609981672/domains/onejaf.com/public_html/faxcableinc/vendor/laravel/framework/src/Illuminate/Container/Util.php(40): Illuminate\\Container\\BoundMethod::Illuminate\\Container\\{closure}()
#25 /home/u609981672/domains/onejaf.com/public_html/faxcableinc/vendor/laravel/framework/src/Illuminate/Container/BoundMethod.php(93): Illuminate\\Container\\Util::unwrapIfClosure()
#26 /home/u609981672/domains/onejaf.com/public_html/faxcableinc/vendor/laravel/framework/src/Illuminate/Container/BoundMethod.php(35): Illuminate\\Container\\BoundMethod::callBoundMethod()
#27 /home/u609981672/domains/onejaf.com/public_html/faxcableinc/vendor/laravel/framework/src/Illuminate/Container/Container.php(653): Illuminate\\Container\\BoundMethod::call()
#28 /home/u609981672/domains/onejaf.com/public_html/faxcableinc/vendor/laravel/framework/src/Illuminate/Foundation/Application.php(924): Illuminate\\Container\\Container->call()
#29 /home/u609981672/domains/onejaf.com/public_html/faxcableinc/vendor/laravel/framework/src/Illuminate/Foundation/Application.php(905): Illuminate\\Foundation\\Application->bootProvider()
#30 [internal function]: Illuminate\\Foundation\\Application->Illuminate\\Foundation\\{closure}()
#31 /home/u609981672/domains/onejaf.com/public_html/faxcableinc/vendor/laravel/framework/src/Illuminate/Foundation/Application.php(904): array_walk()
#32 /home/u609981672/domains/onejaf.com/public_html/faxcableinc/vendor/laravel/framework/src/Illuminate/Foundation/Bootstrap/BootProviders.php(17): Illuminate\\Foundation\\Application->boot()
#33 /home/u609981672/domains/onejaf.com/public_html/faxcableinc/vendor/laravel/framework/src/Illuminate/Foundation/Application.php(237): Illuminate\\Foundation\\Bootstrap\\BootProviders->bootstrap()
#34 /home/u609981672/domains/onejaf.com/public_html/faxcableinc/vendor/laravel/framework/src/Illuminate/Foundation/Http/Kernel.php(153): Illuminate\\Foundation\\Application->bootstrapWith()
#35 /home/u609981672/domains/onejaf.com/public_html/faxcableinc/vendor/laravel/framework/src/Illuminate/Foundation/Http/Kernel.php(137): Illuminate\\Foundation\\Http\\Kernel->bootstrap()
#36 /home/u609981672/domains/onejaf.com/public_html/faxcableinc/vendor/laravel/framework/src/Illuminate/Foundation/Http/Kernel.php(111): Illuminate\\Foundation\\Http\\Kernel->sendRequestThroughRouter()
#37 /home/u609981672/domains/onejaf.com/public_html/faxcableinc/public/index.php(51): Illuminate\\Foundation\\Http\\Kernel->handle()
#38 {main}
"} 
