[2024-11-27 19:43:59] local.ERROR: The "C:\xampp\htdocs\Faxcable\resources\views" directory does not exist. {"exception":"[object] (Symfony\\Component\\Finder\\Exception\\DirectoryNotFoundException(code: 0): The \"C:\\xampp\\htdocs\\Faxcable\\resources\\views\" directory does not exist. at /home/u609981672/domains/onejaf.com/public_html/faxcableinc/vendor/symfony/finder/Finder.php:592)
[stacktrace]
#0 /home/u609981672/domains/onejaf.com/public_html/faxcableinc/vendor/laravel/framework/src/Illuminate/Foundation/Console/ViewCacheCommand.php(67): Symfony\\Component\\Finder\\Finder->in()
#1 /home/u609981672/domains/onejaf.com/public_html/faxcableinc/vendor/laravel/framework/src/Illuminate/Foundation/Console/ViewCacheCommand.php(36): Illuminate\\Foundation\\Console\\ViewCacheCommand->bladeFilesIn()
#2 /home/u609981672/domains/onejaf.com/public_html/faxcableinc/vendor/laravel/framework/src/Illuminate/Collections/Traits/EnumeratesValues.php(245): Illuminate\\Foundation\\Console\\ViewCacheCommand->Illuminate\\Foundation\\Console\\{closure}()
#3 /home/u609981672/domains/onejaf.com/public_html/faxcableinc/vendor/laravel/framework/src/Illuminate/Foundation/Console/ViewCacheCommand.php(35): Illuminate\\Support\\Collection->each()
#4 /home/u609981672/domains/onejaf.com/public_html/faxcableinc/vendor/laravel/framework/src/Illuminate/Container/BoundMethod.php(36): Illuminate\\Foundation\\Console\\ViewCacheCommand->handle()
#5 /home/u609981672/domains/onejaf.com/public_html/faxcableinc/vendor/laravel/framework/src/Illuminate/Container/Util.php(40): Illuminate\\Container\\BoundMethod::Illuminate\\Container\\{closure}()
#6 /home/u609981672/domains/onejaf.com/public_html/faxcableinc/vendor/laravel/framework/src/Illuminate/Container/BoundMethod.php(93): Illuminate\\Container\\Util::unwrapIfClosure()
#7 /home/u609981672/domains/onejaf.com/public_html/faxcableinc/vendor/laravel/framework/src/Illuminate/Container/BoundMethod.php(35): Illuminate\\Container\\BoundMethod::callBoundMethod()
#8 /home/u609981672/domains/onejaf.com/public_html/faxcableinc/vendor/laravel/framework/src/Illuminate/Container/Container.php(653): Illuminate\\Container\\BoundMethod::call()
#9 /home/u609981672/domains/onejaf.com/public_html/faxcableinc/vendor/laravel/framework/src/Illuminate/Console/Command.php(136): Illuminate\\Container\\Container->call()
#10 /home/u609981672/domains/onejaf.com/public_html/faxcableinc/vendor/symfony/console/Command/Command.php(298): Illuminate\\Console\\Command->execute()
#11 /home/u609981672/domains/onejaf.com/public_html/faxcableinc/vendor/laravel/framework/src/Illuminate/Console/Command.php(120): Symfony\\Component\\Console\\Command\\Command->run()
#12 /home/u609981672/domains/onejaf.com/public_html/faxcableinc/vendor/symfony/console/Application.php(1040): Illuminate\\Console\\Command->run()
#13 /home/u609981672/domains/onejaf.com/public_html/faxcableinc/vendor/symfony/console/Application.php(301): Symfony\\Component\\Console\\Application->doRunCommand()
#14 /home/u609981672/domains/onejaf.com/public_html/faxcableinc/vendor/symfony/console/Application.php(171): Symfony\\Component\\Console\\Application->doRun()
#15 /home/u609981672/domains/onejaf.com/public_html/faxcableinc/vendor/laravel/framework/src/Illuminate/Console/Application.php(94): Symfony\\Component\\Console\\Application->run()
#16 /home/u609981672/domains/onejaf.com/public_html/faxcableinc/vendor/laravel/framework/src/Illuminate/Foundation/Console/Kernel.php(129): Illuminate\\Console\\Application->run()
#17 /home/u609981672/domains/onejaf.com/public_html/faxcableinc/artisan(35): Illuminate\\Foundation\\Console\\Kernel->handle()
#18 {main}
"} 
